<?xml version="1.0" encoding="UTF-8"?>
<testng-results skipped="0" failed="0" total="2" passed="2">
  <reporter-output>
  </reporter-output>
  <suite name="Suite" duration-ms="335175" started-at="2020-07-27T06:48:50Z" finished-at="2020-07-27T06:54:25Z">
    <groups>
    </groups>
    <test name="RoundtripFlightSearchTest" duration-ms="335175" started-at="2020-07-27T06:48:50Z" finished-at="2020-07-27T06:54:25Z">
      <class name="com.selenium.test.RoundTripFlightSearchTest">
        <test-method status="PASS" signature="beforeTest(java.lang.String, java.lang.String, java.lang.String)[pri:0, instance:com.selenium.test.RoundTripFlightSearchTest@5e3a8624]" name="beforeTest" is-config="true" duration-ms="5821" started-at="2020-07-27T12:18:50Z" finished-at="2020-07-27T12:18:55Z">
          <params>
            <param index="0">
              <value>
                <![CDATA[src/CleartripTestData.xlsx]]>
              </value>
            </param>
            <param index="1">
              <value>
                <![CDATA[RoundTrip]]>
              </value>
            </param>
            <param index="2">
              <value is-null="true"/>
            </param>
          </params>
          <reporter-output>
          </reporter-output>
        </test-method> <!-- beforeTest -->
        <test-method status="PASS" signature="beforeMethod(java.lang.String, java.lang.String, java.lang.String)[pri:0, instance:com.selenium.test.RoundTripFlightSearchTest@5e3a8624]" name="beforeMethod" is-config="true" duration-ms="31323" started-at="2020-07-27T12:18:56Z" finished-at="2020-07-27T12:19:28Z">
          <params>
            <param index="0">
              <value>
                <![CDATA[kaushik.0407@gmail.com]]>
              </value>
            </param>
            <param index="1">
              <value>
                <![CDATA[K@ush1k92]]>
              </value>
            </param>
            <param index="2">
              <value>
                <![CDATA[https://www.cleartrip.com/]]>
              </value>
            </param>
          </params>
          <reporter-output>
          </reporter-output>
        </test-method> <!-- beforeMethod -->
        <test-method status="PASS" signature="Test1(java.lang.String, java.lang.String, java.lang.String, java.lang.String, java.lang.String, java.lang.String, java.lang.String)[pri:0, instance:com.selenium.test.RoundTripFlightSearchTest@5e3a8624]" name="Test1" duration-ms="97925" started-at="2020-07-27T12:19:28Z" data-provider="getTestdata" finished-at="2020-07-27T12:21:05Z">
          <params>
            <param index="0">
              <value>
                <![CDATA[New Delhi]]>
              </value>
            </param>
            <param index="1">
              <value>
                <![CDATA[Patna]]>
              </value>
            </param>
            <param index="2">
              <value>
                <![CDATA[01/09/2020]]>
              </value>
            </param>
            <param index="3">
              <value>
                <![CDATA[01/10/2020]]>
              </value>
            </param>
            <param index="4">
              <value>
                <![CDATA[4]]>
              </value>
            </param>
            <param index="5">
              <value>
                <![CDATA[1]]>
              </value>
            </param>
            <param index="6">
              <value>
                <![CDATA[3]]>
              </value>
            </param>
          </params>
          <reporter-output>
          </reporter-output>
        </test-method> <!-- Test1 -->
        <test-method status="PASS" signature="afterTest(org.testng.ITestResult)[pri:0, instance:com.selenium.test.RoundTripFlightSearchTest@5e3a8624]" name="afterTest" is-config="true" duration-ms="57810" started-at="2020-07-27T12:21:05Z" finished-at="2020-07-27T12:22:03Z">
          <params>
            <param index="0">
              <value>
                <![CDATA[[TestResult name=Test1 status=SUCCESS method=RoundTripFlightSearchTest.Test1(java.lang.String, java.lang.String, java.lang.String, java.lang.String, java.lang.String, java.lang.String, java.lang.String)[pri:0, instance:com.selenium.test.RoundTripFlightSearchTest@5e3a8624] output={null}]]]>
              </value>
            </param>
          </params>
          <reporter-output>
          </reporter-output>
        </test-method> <!-- afterTest -->
        <test-method status="PASS" signature="beforeMethod(java.lang.String, java.lang.String, java.lang.String)[pri:0, instance:com.selenium.test.RoundTripFlightSearchTest@5e3a8624]" name="beforeMethod" is-config="true" duration-ms="21313" started-at="2020-07-27T12:22:03Z" finished-at="2020-07-27T12:22:25Z">
          <params>
            <param index="0">
              <value>
                <![CDATA[kaushik.0407@gmail.com]]>
              </value>
            </param>
            <param index="1">
              <value>
                <![CDATA[K@ush1k92]]>
              </value>
            </param>
            <param index="2">
              <value>
                <![CDATA[https://www.cleartrip.com/]]>
              </value>
            </param>
          </params>
          <reporter-output>
          </reporter-output>
        </test-method> <!-- beforeMethod -->
        <test-method status="PASS" signature="Test1(java.lang.String, java.lang.String, java.lang.String, java.lang.String, java.lang.String, java.lang.String, java.lang.String)[pri:0, instance:com.selenium.test.RoundTripFlightSearchTest@5e3a8624]" name="Test1" duration-ms="87000" started-at="2020-07-27T12:22:25Z" data-provider="getTestdata" finished-at="2020-07-27T12:23:52Z">
          <params>
            <param index="0">
              <value>
                <![CDATA[Mumbai]]>
              </value>
            </param>
            <param index="1">
              <value>
                <![CDATA[Bhopal]]>
              </value>
            </param>
            <param index="2">
              <value>
                <![CDATA[18/09/2020]]>
              </value>
            </param>
            <param index="3">
              <value>
                <![CDATA[17/11/2020]]>
              </value>
            </param>
            <param index="4">
              <value>
                <![CDATA[3]]>
              </value>
            </param>
            <param index="5">
              <value>
                <![CDATA[2]]>
              </value>
            </param>
            <param index="6">
              <value>
                <![CDATA[2]]>
              </value>
            </param>
          </params>
          <reporter-output>
          </reporter-output>
        </test-method> <!-- Test1 -->
        <test-method status="PASS" signature="afterTest(org.testng.ITestResult)[pri:0, instance:com.selenium.test.RoundTripFlightSearchTest@5e3a8624]" name="afterTest" is-config="true" duration-ms="27014" started-at="2020-07-27T12:23:52Z" finished-at="2020-07-27T12:24:19Z">
          <params>
            <param index="0">
              <value>
                <![CDATA[[TestResult name=Test1 status=SUCCESS method=RoundTripFlightSearchTest.Test1(java.lang.String, java.lang.String, java.lang.String, java.lang.String, java.lang.String, java.lang.String, java.lang.String)[pri:0, instance:com.selenium.test.RoundTripFlightSearchTest@5e3a8624] output={null}]]]>
              </value>
            </param>
          </params>
          <reporter-output>
          </reporter-output>
        </test-method> <!-- afterTest -->
        <test-method status="PASS" signature="afterMethod()[pri:0, instance:com.selenium.test.RoundTripFlightSearchTest@5e3a8624]" name="afterMethod" is-config="true" duration-ms="6144" started-at="2020-07-27T12:24:19Z" finished-at="2020-07-27T12:24:25Z">
          <reporter-output>
          </reporter-output>
        </test-method> <!-- afterMethod -->
      </class> <!-- com.selenium.test.RoundTripFlightSearchTest -->
    </test> <!-- RoundtripFlightSearchTest -->
  </suite> <!-- Suite -->
</testng-results>
