<?xml version="1.0" encoding="UTF-8"?>
<!-- Generated by org.testng.reporters.JUnitXMLReporter -->
<testsuite hostname="Kaushik-PC" name="HotelSearchTest" tests="3" failures="0" timestamp="25 Jan 2020 09:13:16 GMT" time="1347.156" errors="0">
  <testcase name="Test2" time="418.361" classname="com.selenium.test.SearchHotelTest"/>
  <testcase name="Test2" time="652.468" classname="com.selenium.test.SearchHotelTest"/>
  <testcase name="Test2" time="89.908" classname="com.selenium.test.SearchHotelTest"/>
</testsuite> <!-- HotelSearchTest -->
