<?xml version="1.0" encoding="UTF-8"?>
<testng-results skipped="0" failed="0" total="1" passed="1">
  <reporter-output>
  </reporter-output>
  <suite name="Suite" duration-ms="197121" started-at="2020-07-27T07:20:07Z" finished-at="2020-07-27T07:23:24Z">
    <groups>
    </groups>
    <test name="RoundtripFlightSearchTest" duration-ms="197121" started-at="2020-07-27T07:20:07Z" finished-at="2020-07-27T07:23:24Z">
      <class name="com.selenium.test.RoundTripFlightSearchTest">
        <test-method status="PASS" signature="beforeTest(java.lang.String, java.lang.String, java.lang.String)[pri:0, instance:com.selenium.test.RoundTripFlightSearchTest@5ae9a829]" name="beforeTest" is-config="true" duration-ms="5390" started-at="2020-07-27T12:50:07Z" finished-at="2020-07-27T12:50:12Z">
          <params>
            <param index="0">
              <value>
                <![CDATA[src/CleartripTestData.xlsx]]>
              </value>
            </param>
            <param index="1">
              <value>
                <![CDATA[RoundTrip]]>
              </value>
            </param>
            <param index="2">
              <value is-null="true"/>
            </param>
          </params>
          <reporter-output>
          </reporter-output>
        </test-method> <!-- beforeTest -->
        <test-method status="PASS" signature="beforeMethod(java.lang.String, java.lang.String, java.lang.String)[pri:0, instance:com.selenium.test.RoundTripFlightSearchTest@5ae9a829]" name="beforeMethod" is-config="true" duration-ms="32262" started-at="2020-07-27T12:50:13Z" finished-at="2020-07-27T12:50:45Z">
          <params>
            <param index="0">
              <value>
                <![CDATA[kaushik.0407@gmail.com]]>
              </value>
            </param>
            <param index="1">
              <value>
                <![CDATA[K@ush1k92]]>
              </value>
            </param>
            <param index="2">
              <value>
                <![CDATA[https://www.cleartrip.com/]]>
              </value>
            </param>
          </params>
          <reporter-output>
          </reporter-output>
        </test-method> <!-- beforeMethod -->
        <test-method status="PASS" signature="Test1(java.lang.String, java.lang.String, java.lang.String, java.lang.String, java.lang.String, java.lang.String, java.lang.String)[pri:0, instance:com.selenium.test.RoundTripFlightSearchTest@5ae9a829]" name="Test1" duration-ms="102669" started-at="2020-07-27T12:50:45Z" data-provider="getTestdata" finished-at="2020-07-27T12:52:28Z">
          <params>
            <param index="0">
              <value>
                <![CDATA[Bangalore]]>
              </value>
            </param>
            <param index="1">
              <value>
                <![CDATA[Kolkata]]>
              </value>
            </param>
            <param index="2">
              <value>
                <![CDATA[04/10/2020]]>
              </value>
            </param>
            <param index="3">
              <value>
                <![CDATA[01/01/2021]]>
              </value>
            </param>
            <param index="4">
              <value>
                <![CDATA[1]]>
              </value>
            </param>
            <param index="5">
              <value>
                <![CDATA[4]]>
              </value>
            </param>
            <param index="6">
              <value>
                <![CDATA[0]]>
              </value>
            </param>
          </params>
          <reporter-output>
          </reporter-output>
        </test-method> <!-- Test1 -->
        <test-method status="PASS" signature="afterTest(org.testng.ITestResult)[pri:0, instance:com.selenium.test.RoundTripFlightSearchTest@5ae9a829]" name="afterTest" is-config="true" duration-ms="51789" started-at="2020-07-27T12:52:28Z" finished-at="2020-07-27T12:53:20Z">
          <params>
            <param index="0">
              <value>
                <![CDATA[[TestResult name=Test1 status=SUCCESS method=RoundTripFlightSearchTest.Test1(java.lang.String, java.lang.String, java.lang.String, java.lang.String, java.lang.String, java.lang.String, java.lang.String)[pri:0, instance:com.selenium.test.RoundTripFlightSearchTest@5ae9a829] output={null}]]]>
              </value>
            </param>
          </params>
          <reporter-output>
          </reporter-output>
        </test-method> <!-- afterTest -->
        <test-method status="PASS" signature="afterMethod()[pri:0, instance:com.selenium.test.RoundTripFlightSearchTest@5ae9a829]" name="afterMethod" is-config="true" duration-ms="4161" started-at="2020-07-27T12:53:20Z" finished-at="2020-07-27T12:53:24Z">
          <reporter-output>
          </reporter-output>
        </test-method> <!-- afterMethod -->
      </class> <!-- com.selenium.test.RoundTripFlightSearchTest -->
    </test> <!-- RoundtripFlightSearchTest -->
  </suite> <!-- Suite -->
</testng-results>
