<?xml version="1.0" encoding="UTF-8"?>
<testng-results skipped="0" failed="0" total="1" passed="1">
  <reporter-output>
  </reporter-output>
  <suite name="Suite" duration-ms="171555" started-at="2020-02-01T13:53:05Z" finished-at="2020-02-01T13:55:57Z">
    <groups>
    </groups>
    <test name="RoundtripFlightSearchTest" duration-ms="171555" started-at="2020-02-01T13:53:05Z" finished-at="2020-02-01T13:55:57Z">
      <class name="com.selenium.test.RoundTripFlightSearchTest">
        <test-method status="PASS" signature="beforeTest(java.lang.String, java.lang.String, java.lang.String)[pri:0, instance:com.selenium.test.RoundTripFlightSearchTest@402f32ff]" name="beforeTest" is-config="true" duration-ms="5342" started-at="2020-02-01T19:23:05Z" finished-at="2020-02-01T19:23:10Z">
          <params>
            <param index="0">
              <value>
                <![CDATA[src/CleartripTestData.xlsx]]>
              </value>
            </param>
            <param index="1">
              <value is-null="true"/>
            </param>
            <param index="2">
              <value>
                <![CDATA[src/CleartripTestDataRoundFlights.csv]]>
              </value>
            </param>
          </params>
          <reporter-output>
          </reporter-output>
        </test-method> <!-- beforeTest -->
        <test-method status="PASS" signature="beforeMethod(java.lang.String, java.lang.String)[pri:0, instance:com.selenium.test.RoundTripFlightSearchTest@402f32ff]" name="beforeMethod" is-config="true" duration-ms="31659" started-at="2020-02-01T19:23:10Z" finished-at="2020-02-01T19:23:42Z">
          <params>
            <param index="0">
              <value>
                <![CDATA[kaushik.0407@gmail.com]]>
              </value>
            </param>
            <param index="1">
              <value>
                <![CDATA[K@ush1k92]]>
              </value>
            </param>
          </params>
          <reporter-output>
          </reporter-output>
        </test-method> <!-- beforeMethod -->
        <test-method status="PASS" signature="Test1(java.lang.String, java.lang.String, java.lang.String, java.lang.String, java.lang.String, java.lang.String, java.lang.String)[pri:0, instance:com.selenium.test.RoundTripFlightSearchTest@402f32ff]" name="Test1" duration-ms="96474" started-at="2020-02-01T19:23:42Z" data-provider="getTestdata" finished-at="2020-02-01T19:25:19Z">
          <params>
            <param index="0">
              <value>
                <![CDATA[Mumbai]]>
              </value>
            </param>
            <param index="1">
              <value>
                <![CDATA[Patna]]>
              </value>
            </param>
            <param index="2">
              <value>
                <![CDATA[12/11/2020]]>
              </value>
            </param>
            <param index="3">
              <value>
                <![CDATA[01/01/2021]]>
              </value>
            </param>
            <param index="4">
              <value>
                <![CDATA[3]]>
              </value>
            </param>
            <param index="5">
              <value>
                <![CDATA[2]]>
              </value>
            </param>
            <param index="6">
              <value>
                <![CDATA[2]]>
              </value>
            </param>
          </params>
          <reporter-output>
          </reporter-output>
        </test-method> <!-- Test1 -->
        <test-method status="PASS" signature="afterTest(org.testng.ITestResult)[pri:0, instance:com.selenium.test.RoundTripFlightSearchTest@402f32ff]" name="afterTest" is-config="true" duration-ms="32418" started-at="2020-02-01T19:25:19Z" finished-at="2020-02-01T19:25:51Z">
          <params>
            <param index="0">
              <value>
                <![CDATA[[TestResult name=Test1 status=SUCCESS method=RoundTripFlightSearchTest.Test1(java.lang.String, java.lang.String, java.lang.String, java.lang.String, java.lang.String, java.lang.String, java.lang.String)[pri:0, instance:com.selenium.test.RoundTripFlightSearchTest@402f32ff] output={null}]]]>
              </value>
            </param>
          </params>
          <reporter-output>
          </reporter-output>
        </test-method> <!-- afterTest -->
        <test-method status="PASS" signature="afterMethod()[pri:0, instance:com.selenium.test.RoundTripFlightSearchTest@402f32ff]" name="afterMethod" is-config="true" duration-ms="5645" started-at="2020-02-01T19:25:51Z" finished-at="2020-02-01T19:25:57Z">
          <reporter-output>
          </reporter-output>
        </test-method> <!-- afterMethod -->
      </class> <!-- com.selenium.test.RoundTripFlightSearchTest -->
    </test> <!-- RoundtripFlightSearchTest -->
  </suite> <!-- Suite -->
</testng-results>
